<?xml version="1.0" encoding="UTF-8"?>
<!-- Generated by org.testng.reporters.JUnitReportReporter -->
<testsuite hostname="DESKTOP-LO4NP08" failures="0" tests="5" name="com.modules.ElementTextBox" time="10.031" errors="0" timestamp="2024-07-09T14:51:44 IST" skipped="0">
  <testcase classname="com.modules.ElementTextBox" name="enterUsername" time="2.571"/>
  <testcase classname="com.modules.ElementTextBox" name="ClickElment" time="1.573"/>
  <testcase classname="com.modules.ElementTextBox" name="enterEmail" time="1.280"/>
  <testcase classname="com.modules.ElementTextBox" name="enterAddress" time="2.429"/>
  <testcase classname="com.modules.ElementTextBox" name="clickSubmit" time="2.178"/>
</testsuite> <!-- com.modules.ElementTextBox -->
