<?xml version="1.0" encoding="UTF-8"?>
<!-- Generated by org.testng.reporters.JUnitReportReporter -->
<testsuite hostname="DESKTOP-LO4NP08" failures="0" tests="2" name="com.modules.ElementCheckBox" time="12.077" errors="0" timestamp="2024-07-09T15:45:03 IST" skipped="0">
  <testcase classname="com.modules.ElementCheckBox" name="ClickElment" time="2.940"/>
  <testcase classname="com.modules.ElementCheckBox" name="Clickcheck" time="9.137"/>
</testsuite> <!-- com.modules.ElementCheckBox -->
