<?xml version="1.0" encoding="UTF-8"?>
<!-- Generated by org.testng.reporters.JUnitReportReporter -->
<testsuite hostname="DESKTOP-LO4NP08" failures="0" tests="1" name="com.modules.Md" time="29.833" errors="0" timestamp="2024-07-16T13:14:06 IST" skipped="0">
  <testcase classname="com.modules.Md" name="ClickElment" time="29.833"/>
</testsuite> <!-- com.modules.Md -->
