<?xml version="1.0" encoding="UTF-8"?>
<!-- Generated by org.testng.reporters.JUnitReportReporter -->
<testsuite hostname="DESKTOP-LO4NP08" failures="0" tests="1" name="com.modules.Demo" time="69.572" errors="0" timestamp="2024-07-28T22:58:41 IST" skipped="0">
  <testcase classname="com.modules.Demo" name="name" time="69.572"/>
</testsuite> <!-- com.modules.Demo -->
